[2026-02-24T03:31:34.507Z] [INFO] 🚀 服务器启动成功 {"port":30101,"url":"http://localhost:30101","dataPath":"C:\\Users\\scvxzf\\Documents\\打标2-24\\Junk-Image-Tagger-2026\\data.json"}
[2026-02-24T03:31:34.513Z] [INFO] 已加载数据 {"channels":0,"groups":0,"scheduleGroups":0}
[2026-02-24T03:31:45.353Z] [REQ] #1 GET / {}
[2026-02-24T03:31:45.393Z] [REQ] #2 GET /styles.css {}
[2026-02-24T03:31:45.394Z] [INFO] 当前活跃请求数: 2 {"requests":["#1 GET /","#2 GET /styles.css"]}
[2026-02-24T03:31:45.396Z] [REQ] #3 GET /app.js {}
[2026-02-24T03:31:45.396Z] [INFO] 当前活跃请求数: 3 {"requests":["#1 GET /","#2 GET /styles.css","#3 GET /app.js"]}
[2026-02-24T03:31:45.561Z] [REQ] #4 GET /api/state {}
[2026-02-24T03:31:45.562Z] [INFO] 当前活跃请求数: 4 {"requests":["#1 GET /","#2 GET /styles.css","#3 GET /app.js","#4 GET /api/state"]}
[2026-02-24T03:31:45.563Z] [REQ] #5 GET /favicon.svg {}
[2026-02-24T03:31:45.564Z] [INFO] 当前活跃请求数: 5 {"requests":["#1 GET /","#2 GET /styles.css","#3 GET /app.js","#4 GET /api/state","#5 GET /favicon.svg"]}
[2026-02-24T03:31:45.566Z] [RES] #4 200 (5ms) {}
[2026-02-24T03:31:45.566Z] [RES] #4 200 (5ms)
[2026-02-24T03:31:45.584Z] [REQ] #6 GET /api/config/overview {}
[2026-02-24T03:31:45.584Z] [INFO] 当前活跃请求数: 5 {"requests":["#1 GET /","#2 GET /styles.css","#3 GET /app.js","#5 GET /favicon.svg","#6 GET /api/config/overview"]}
[2026-02-24T03:31:45.585Z] [REQ] #7 GET /api/config/diagnostics {}
[2026-02-24T03:31:45.586Z] [INFO] 当前活跃请求数: 6 {"requests":["#1 GET /","#2 GET /styles.css","#3 GET /app.js","#5 GET /favicon.svg","#6 GET /api/config/overview","#7 GET /api/config/diagnostics"]}
[2026-02-24T03:31:45.587Z] [RES] #6 200 (3ms) {}
[2026-02-24T03:31:45.587Z] [RES] #6 200 (3ms)
[2026-02-24T03:31:45.589Z] [RES] #7 200 (4ms) {}
[2026-02-24T03:31:45.589Z] [RES] #7 200 (4ms)
[2026-02-24T03:31:45.590Z] [REQ] #8 GET /favicon.svg {}
[2026-02-24T03:31:45.590Z] [INFO] 当前活跃请求数: 5 {"requests":["#1 GET /","#2 GET /styles.css","#3 GET /app.js","#5 GET /favicon.svg","#8 GET /favicon.svg"]}
[2026-02-24T03:31:45.601Z] [REQ] #9 GET /favicon.svg {}
[2026-02-24T03:31:45.602Z] [INFO] 当前活跃请求数: 6 {"requests":["#1 GET /","#2 GET /styles.css","#3 GET /app.js","#5 GET /favicon.svg","#8 GET /favicon.svg","#9 GET /favicon.svg"]}
[2026-02-24T03:32:08.113Z] [REQ] #10 GET /api/health {}
[2026-02-24T03:32:08.114Z] [INFO] 当前活跃请求数: 7 {"requests":["#1 GET /","#2 GET /styles.css","#3 GET /app.js","#5 GET /favicon.svg","#8 GET /favicon.svg","#9 GET /favicon.svg","#10 GET /api/health"]}
[2026-02-24T03:32:08.116Z] [RES] #10 200 (3ms) {"ok":true}
[2026-02-24T03:32:08.116Z] [RES] #10 200 (3ms)
[2026-02-24T03:32:08.200Z] [REQ] #11 GET /api/health {}
[2026-02-24T03:32:08.200Z] [INFO] 当前活跃请求数: 7 {"requests":["#1 GET /","#2 GET /styles.css","#3 GET /app.js","#5 GET /favicon.svg","#8 GET /favicon.svg","#9 GET /favicon.svg","#11 GET /api/health"]}
[2026-02-24T03:32:08.201Z] [RES] #11 200 (1ms) {"ok":true}
[2026-02-24T03:32:08.201Z] [RES] #11 200 (1ms)
[2026-02-24T03:34:22.949Z] [REQ] #12 GET / {}
[2026-02-24T03:34:22.985Z] [INFO] 当前活跃请求数: 7 {"requests":["#1 GET /","#2 GET /styles.css","#3 GET /app.js","#5 GET /favicon.svg","#8 GET /favicon.svg","#9 GET /favicon.svg","#12 GET /"]}
[2026-02-24T03:34:23.020Z] [REQ] #13 GET /styles.css {}
[2026-02-24T03:34:23.036Z] [INFO] 当前活跃请求数: 8 {"requests":["#1 GET /","#2 GET /styles.css","#3 GET /app.js","#5 GET /favicon.svg","#8 GET /favicon.svg","#9 GET /favicon.svg","#12 GET /","#13 GET /styles.css"]}
[2026-02-24T03:34:23.037Z] [REQ] #14 GET /app.js {}
[2026-02-24T03:34:23.038Z] [INFO] 当前活跃请求数: 9 {"requests":["#1 GET /","#2 GET /styles.css","#3 GET /app.js","#5 GET /favicon.svg","#8 GET /favicon.svg","#9 GET /favicon.svg","#12 GET /","#13 GET /styles.css","#14 GET /app.js"]}
[2026-02-24T03:34:23.090Z] [REQ] #15 GET /api/state {}
[2026-02-24T03:34:23.092Z] [INFO] 当前活跃请求数: 10 {"requests":["#1 GET /","#2 GET /styles.css","#3 GET /app.js","#5 GET /favicon.svg","#8 GET /favicon.svg","#9 GET /favicon.svg","#12 GET /","#13 GET /styles.css","#14 GET /app.js","#15 GET /api/state"]}
[2026-02-24T03:34:23.093Z] [REQ] #16 GET /favicon.svg {}
[2026-02-24T03:34:23.094Z] [INFO] 当前活跃请求数: 11 {"requests":["#1 GET /","#2 GET /styles.css","#3 GET /app.js","#5 GET /favicon.svg","#8 GET /favicon.svg","#9 GET /favicon.svg","#12 GET /","#13 GET /styles.css","#14 GET /app.js","#15 GET /api/state","#16 GET /favicon.svg"]}
[2026-02-24T03:34:23.095Z] [RES] #15 200 (5ms) {}
[2026-02-24T03:34:23.096Z] [RES] #15 200 (6ms)
[2026-02-24T03:34:23.108Z] [REQ] #17 GET /api/config/overview {}
[2026-02-24T03:34:23.151Z] [INFO] 当前活跃请求数: 11 {"requests":["#1 GET /","#2 GET /styles.css","#3 GET /app.js","#5 GET /favicon.svg","#8 GET /favicon.svg","#9 GET /favicon.svg","#12 GET /","#13 GET /styles.css","#14 GET /app.js","#16 GET /favicon.svg","#17 GET /api/config/overview"]}
[2026-02-24T03:34:23.152Z] [REQ] #18 GET /api/config/diagnostics {}
[2026-02-24T03:34:23.152Z] [INFO] 当前活跃请求数: 12 {"requests":["#1 GET /","#2 GET /styles.css","#3 GET /app.js","#5 GET /favicon.svg","#8 GET /favicon.svg","#9 GET /favicon.svg","#12 GET /","#13 GET /styles.css","#14 GET /app.js","#16 GET /favicon.svg","#17 GET /api/config/overview","#18 GET /api/config/diagnostics"]}
[2026-02-24T03:34:23.153Z] [RES] #17 200 (45ms) {}
[2026-02-24T03:34:23.153Z] [RES] #17 200 (45ms)
[2026-02-24T03:34:23.154Z] [RES] #18 200 (2ms) {}
[2026-02-24T03:34:23.155Z] [RES] #18 200 (3ms)
[2026-02-24T03:34:23.155Z] [REQ] #19 GET /favicon.svg {}
[2026-02-24T03:34:23.156Z] [INFO] 当前活跃请求数: 11 {"requests":["#1 GET /","#2 GET /styles.css","#3 GET /app.js","#5 GET /favicon.svg","#8 GET /favicon.svg","#9 GET /favicon.svg","#12 GET /","#13 GET /styles.css","#14 GET /app.js","#16 GET /favicon.svg","#19 GET /favicon.svg"]}
[2026-02-24T03:34:23.161Z] [REQ] #20 GET /favicon.svg {}
[2026-02-24T03:34:23.161Z] [INFO] 当前活跃请求数: 12 {"requests":["#1 GET /","#2 GET /styles.css","#3 GET /app.js","#5 GET /favicon.svg","#8 GET /favicon.svg","#9 GET /favicon.svg","#12 GET /","#13 GET /styles.css","#14 GET /app.js","#16 GET /favicon.svg","#19 GET /favicon.svg","#20 GET /favicon.svg"]}
[2026-02-24T03:39:31.948Z] [REQ] #21 GET /api/health {}
[2026-02-24T03:39:31.949Z] [INFO] 当前活跃请求数: 13 {"requests":["#1 GET /","#2 GET /styles.css","#3 GET /app.js","#5 GET /favicon.svg","#8 GET /favicon.svg","#9 GET /favicon.svg","#12 GET /","#13 GET /styles.css","#14 GET /app.js","#16 GET /favicon.svg","#19 GET /favicon.svg","#20 GET /favicon.svg","#21 GET /api/health"]}
[2026-02-24T03:39:31.949Z] [RES] #21 200 (1ms) {"ok":true}
[2026-02-24T03:39:31.950Z] [RES] #21 200 (2ms)
[2026-02-24T03:39:32.037Z] [REQ] #22 GET /api/health {}
[2026-02-24T03:39:32.037Z] [INFO] 当前活跃请求数: 13 {"requests":["#1 GET /","#2 GET /styles.css","#3 GET /app.js","#5 GET /favicon.svg","#8 GET /favicon.svg","#9 GET /favicon.svg","#12 GET /","#13 GET /styles.css","#14 GET /app.js","#16 GET /favicon.svg","#19 GET /favicon.svg","#20 GET /favicon.svg","#22 GET /api/health"]}
[2026-02-24T03:39:32.038Z] [RES] #22 200 (1ms) {"ok":true}
[2026-02-24T03:39:32.038Z] [RES] #22 200 (1ms)
[2026-02-24T03:41:36.044Z] [REQ] #23 GET / {}
[2026-02-24T03:41:36.044Z] [INFO] 当前活跃请求数: 13 {"requests":["#1 GET /","#2 GET /styles.css","#3 GET /app.js","#5 GET /favicon.svg","#8 GET /favicon.svg","#9 GET /favicon.svg","#12 GET /","#13 GET /styles.css","#14 GET /app.js","#16 GET /favicon.svg","#19 GET /favicon.svg","#20 GET /favicon.svg","#23 GET /"]}
[2026-02-24T03:41:36.078Z] [REQ] #24 GET /styles.css {}
[2026-02-24T03:41:36.079Z] [INFO] 当前活跃请求数: 14 {"requests":["#1 GET /","#2 GET /styles.css","#3 GET /app.js","#5 GET /favicon.svg","#8 GET /favicon.svg","#9 GET /favicon.svg","#12 GET /","#13 GET /styles.css","#14 GET /app.js","#16 GET /favicon.svg","#19 GET /favicon.svg","#20 GET /favicon.svg","#23 GET /","#24 GET /styles.css"]}
[2026-02-24T03:41:36.079Z] [REQ] #25 GET /app.js {}
[2026-02-24T03:41:36.080Z] [INFO] 当前活跃请求数: 15 {"requests":["#1 GET /","#2 GET /styles.css","#3 GET /app.js","#5 GET /favicon.svg","#8 GET /favicon.svg","#9 GET /favicon.svg","#12 GET /","#13 GET /styles.css","#14 GET /app.js","#16 GET /favicon.svg","#19 GET /favicon.svg","#20 GET /favicon.svg","#23 GET /","#24 GET /styles.css","#25 GET /app.js"]}
[2026-02-24T03:41:36.253Z] [REQ] #26 GET /api/state {}
[2026-02-24T03:41:36.254Z] [INFO] 当前活跃请求数: 16 {"requests":["#1 GET /","#2 GET /styles.css","#3 GET /app.js","#5 GET /favicon.svg","#8 GET /favicon.svg","#9 GET /favicon.svg","#12 GET /","#13 GET /styles.css","#14 GET /app.js","#16 GET /favicon.svg","#19 GET /favicon.svg","#20 GET /favicon.svg","#23 GET /","#24 GET /styles.css","#25 GET /app.js","#26 GET /api/state"]}
[2026-02-24T03:41:36.254Z] [REQ] #27 GET /favicon.svg {}
[2026-02-24T03:41:36.255Z] [INFO] 当前活跃请求数: 17 {"requests":["#1 GET /","#2 GET /styles.css","#3 GET /app.js","#5 GET /favicon.svg","#8 GET /favicon.svg","#9 GET /favicon.svg","#12 GET /","#13 GET /styles.css","#14 GET /app.js","#16 GET /favicon.svg","#19 GET /favicon.svg","#20 GET /favicon.svg","#23 GET /","#24 GET /styles.css","#25 GET /app.js","#26 GET /api/state","#27 GET /favicon.svg"]}
[2026-02-24T03:41:36.256Z] [RES] #26 200 (3ms) {}
[2026-02-24T03:41:36.256Z] [RES] #26 200 (3ms)
[2026-02-24T03:41:36.275Z] [REQ] #28 GET /api/config/overview {}
[2026-02-24T03:41:36.275Z] [INFO] 当前活跃请求数: 17 {"requests":["#1 GET /","#2 GET /styles.css","#3 GET /app.js","#5 GET /favicon.svg","#8 GET /favicon.svg","#9 GET /favicon.svg","#12 GET /","#13 GET /styles.css","#14 GET /app.js","#16 GET /favicon.svg","#19 GET /favicon.svg","#20 GET /favicon.svg","#23 GET /","#24 GET /styles.css","#25 GET /app.js","#27 GET /favicon.svg","#28 GET /api/config/overview"]}
[2026-02-24T03:41:36.276Z] [REQ] #29 GET /api/config/diagnostics {}
[2026-02-24T03:41:36.276Z] [INFO] 当前活跃请求数: 18 {"requests":["#1 GET /","#2 GET /styles.css","#3 GET /app.js","#5 GET /favicon.svg","#8 GET /favicon.svg","#9 GET /favicon.svg","#12 GET /","#13 GET /styles.css","#14 GET /app.js","#16 GET /favicon.svg","#19 GET /favicon.svg","#20 GET /favicon.svg","#23 GET /","#24 GET /styles.css","#25 GET /app.js","#27 GET /favicon.svg","#28 GET /api/config/overview","#29 GET /api/config/diagnostics"]}
[2026-02-24T03:41:36.277Z] [RES] #28 200 (2ms) {}
[2026-02-24T03:41:36.277Z] [RES] #28 200 (2ms)
[2026-02-24T03:41:36.278Z] [RES] #29 200 (2ms) {}
[2026-02-24T03:41:36.279Z] [RES] #29 200 (3ms)
[2026-02-24T03:41:36.279Z] [REQ] #30 GET /favicon.svg {}
[2026-02-24T03:41:36.280Z] [INFO] 当前活跃请求数: 17 {"requests":["#1 GET /","#2 GET /styles.css","#3 GET /app.js","#5 GET /favicon.svg","#8 GET /favicon.svg","#9 GET /favicon.svg","#12 GET /","#13 GET /styles.css","#14 GET /app.js","#16 GET /favicon.svg","#19 GET /favicon.svg","#20 GET /favicon.svg","#23 GET /","#24 GET /styles.css","#25 GET /app.js","#27 GET /favicon.svg","#30 GET /favicon.svg"]}
[2026-02-24T03:41:36.291Z] [REQ] #31 GET /favicon.svg {}
[2026-02-24T03:41:36.292Z] [INFO] 当前活跃请求数: 18 {"requests":["#1 GET /","#2 GET /styles.css","#3 GET /app.js","#5 GET /favicon.svg","#8 GET /favicon.svg","#9 GET /favicon.svg","#12 GET /","#13 GET /styles.css","#14 GET /app.js","#16 GET /favicon.svg","#19 GET /favicon.svg","#20 GET /favicon.svg","#23 GET /","#24 GET /styles.css","#25 GET /app.js","#27 GET /favicon.svg","#30 GET /favicon.svg","#31 GET /favicon.svg"]}
[2026-02-24T03:44:18.886Z] [REQ] #32 GET / {}
[2026-02-24T03:44:18.887Z] [INFO] 当前活跃请求数: 19 {"requests":["#1 GET /","#2 GET /styles.css","#3 GET /app.js","#5 GET /favicon.svg","#8 GET /favicon.svg","#9 GET /favicon.svg","#12 GET /","#13 GET /styles.css","#14 GET /app.js","#16 GET /favicon.svg","#19 GET /favicon.svg","#20 GET /favicon.svg","#23 GET /","#24 GET /styles.css","#25 GET /app.js","#27 GET /favicon.svg","#30 GET /favicon.svg","#31 GET /favicon.svg","#32 GET /"]}
[2026-02-24T03:44:18.935Z] [REQ] #33 GET /styles.css {}
[2026-02-24T03:44:18.936Z] [INFO] 当前活跃请求数: 20 {"requests":["#1 GET /","#2 GET /styles.css","#3 GET /app.js","#5 GET /favicon.svg","#8 GET /favicon.svg","#9 GET /favicon.svg","#12 GET /","#13 GET /styles.css","#14 GET /app.js","#16 GET /favicon.svg","#19 GET /favicon.svg","#20 GET /favicon.svg","#23 GET /","#24 GET /styles.css","#25 GET /app.js","#27 GET /favicon.svg","#30 GET /favicon.svg","#31 GET /favicon.svg","#32 GET /","#33 GET /styles.css"]}
[2026-02-24T03:44:18.940Z] [REQ] #34 GET /app.js {}
[2026-02-24T03:44:18.941Z] [INFO] 当前活跃请求数: 21 {"requests":["#1 GET /","#2 GET /styles.css","#3 GET /app.js","#5 GET /favicon.svg","#8 GET /favicon.svg","#9 GET /favicon.svg","#12 GET /","#13 GET /styles.css","#14 GET /app.js","#16 GET /favicon.svg","#19 GET /favicon.svg","#20 GET /favicon.svg","#23 GET /","#24 GET /styles.css","#25 GET /app.js","#27 GET /favicon.svg","#30 GET /favicon.svg","#31 GET /favicon.svg","#32 GET /","#33 GET /styles.css","#34 GET /app.js"]}
[2026-02-24T03:44:19.018Z] [REQ] #35 GET /api/state {}
[2026-02-24T03:44:19.019Z] [INFO] 当前活跃请求数: 22 {"requests":["#1 GET /","#2 GET /styles.css","#3 GET /app.js","#5 GET /favicon.svg","#8 GET /favicon.svg","#9 GET /favicon.svg","#12 GET /","#13 GET /styles.css","#14 GET /app.js","#16 GET /favicon.svg","#19 GET /favicon.svg","#20 GET /favicon.svg","#23 GET /","#24 GET /styles.css","#25 GET /app.js","#27 GET /favicon.svg","#30 GET /favicon.svg","#31 GET /favicon.svg","#32 GET /","#33 GET /styles.css","#34 GET /app.js","#35 GET /api/state"]}
[2026-02-24T03:44:19.020Z] [RES] #35 200 (2ms) {}
[2026-02-24T03:44:19.021Z] [RES] #35 200 (3ms)
[2026-02-24T03:44:19.023Z] [REQ] #36 GET /favicon.svg {}
[2026-02-24T03:44:19.023Z] [INFO] 当前活跃请求数: 22 {"requests":["#1 GET /","#2 GET /styles.css","#3 GET /app.js","#5 GET /favicon.svg","#8 GET /favicon.svg","#9 GET /favicon.svg","#12 GET /","#13 GET /styles.css","#14 GET /app.js","#16 GET /favicon.svg","#19 GET /favicon.svg","#20 GET /favicon.svg","#23 GET /","#24 GET /styles.css","#25 GET /app.js","#27 GET /favicon.svg","#30 GET /favicon.svg","#31 GET /favicon.svg","#32 GET /","#33 GET /styles.css","#34 GET /app.js","#36 GET /favicon.svg"]}
[2026-02-24T03:44:19.052Z] [REQ] #37 GET /api/config/overview {}
[2026-02-24T03:44:19.053Z] [INFO] 当前活跃请求数: 23 {"requests":["#1 GET /","#2 GET /styles.css","#3 GET /app.js","#5 GET /favicon.svg","#8 GET /favicon.svg","#9 GET /favicon.svg","#12 GET /","#13 GET /styles.css","#14 GET /app.js","#16 GET /favicon.svg","#19 GET /favicon.svg","#20 GET /favicon.svg","#23 GET /","#24 GET /styles.css","#25 GET /app.js","#27 GET /favicon.svg","#30 GET /favicon.svg","#31 GET /favicon.svg","#32 GET /","#33 GET /styles.css","#34 GET /app.js","#36 GET /favicon.svg","#37 GET /api/config/overview"]}
[2026-02-24T03:44:19.053Z] [REQ] #38 GET /api/config/diagnostics {}
[2026-02-24T03:44:19.054Z] [INFO] 当前活跃请求数: 24 {"requests":["#1 GET /","#2 GET /styles.css","#3 GET /app.js","#5 GET /favicon.svg","#8 GET /favicon.svg","#9 GET /favicon.svg","#12 GET /","#13 GET /styles.css","#14 GET /app.js","#16 GET /favicon.svg","#19 GET /favicon.svg","#20 GET /favicon.svg","#23 GET /","#24 GET /styles.css","#25 GET /app.js","#27 GET /favicon.svg","#30 GET /favicon.svg","#31 GET /favicon.svg","#32 GET /","#33 GET /styles.css","#34 GET /app.js","#36 GET /favicon.svg","#37 GET /api/config/overview","#38 GET /api/config/diagnostics"]}
[2026-02-24T03:44:19.054Z] [RES] #37 200 (2ms) {}
[2026-02-24T03:44:19.055Z] [RES] #37 200 (3ms)
[2026-02-24T03:44:19.056Z] [RES] #38 200 (3ms) {}
[2026-02-24T03:44:19.056Z] [RES] #38 200 (3ms)
[2026-02-24T03:44:19.057Z] [REQ] #39 GET /favicon.svg {}
[2026-02-24T03:44:19.057Z] [INFO] 当前活跃请求数: 23 {"requests":["#1 GET /","#2 GET /styles.css","#3 GET /app.js","#5 GET /favicon.svg","#8 GET /favicon.svg","#9 GET /favicon.svg","#12 GET /","#13 GET /styles.css","#14 GET /app.js","#16 GET /favicon.svg","#19 GET /favicon.svg","#20 GET /favicon.svg","#23 GET /","#24 GET /styles.css","#25 GET /app.js","#27 GET /favicon.svg","#30 GET /favicon.svg","#31 GET /favicon.svg","#32 GET /","#33 GET /styles.css","#34 GET /app.js","#36 GET /favicon.svg","#39 GET /favicon.svg"]}
[2026-02-24T03:44:19.070Z] [REQ] #40 GET /favicon.svg {}
[2026-02-24T03:44:19.070Z] [INFO] 当前活跃请求数: 24 {"requests":["#1 GET /","#2 GET /styles.css","#3 GET /app.js","#5 GET /favicon.svg","#8 GET /favicon.svg","#9 GET /favicon.svg","#12 GET /","#13 GET /styles.css","#14 GET /app.js","#16 GET /favicon.svg","#19 GET /favicon.svg","#20 GET /favicon.svg","#23 GET /","#24 GET /styles.css","#25 GET /app.js","#27 GET /favicon.svg","#30 GET /favicon.svg","#31 GET /favicon.svg","#32 GET /","#33 GET /styles.css","#34 GET /app.js","#36 GET /favicon.svg","#39 GET /favicon.svg","#40 GET /favicon.svg"]}
[2026-02-24T03:53:31.071Z] [REQ] #41 GET / {}
[2026-02-24T03:53:31.072Z] [INFO] 当前活跃请求数: 25 {"requests":["#1 GET /","#2 GET /styles.css","#3 GET /app.js","#5 GET /favicon.svg","#8 GET /favicon.svg","#9 GET /favicon.svg","#12 GET /","#13 GET /styles.css","#14 GET /app.js","#16 GET /favicon.svg","#19 GET /favicon.svg","#20 GET /favicon.svg","#23 GET /","#24 GET /styles.css","#25 GET /app.js","#27 GET /favicon.svg","#30 GET /favicon.svg","#31 GET /favicon.svg","#32 GET /","#33 GET /styles.css","#34 GET /app.js","#36 GET /favicon.svg","#39 GET /favicon.svg","#40 GET /favicon.svg","#41 GET /"]}
[2026-02-24T03:53:31.111Z] [REQ] #42 GET /styles.css {}
[2026-02-24T03:53:31.112Z] [INFO] 当前活跃请求数: 26 {"requests":["#1 GET /","#2 GET /styles.css","#3 GET /app.js","#5 GET /favicon.svg","#8 GET /favicon.svg","#9 GET /favicon.svg","#12 GET /","#13 GET /styles.css","#14 GET /app.js","#16 GET /favicon.svg","#19 GET /favicon.svg","#20 GET /favicon.svg","#23 GET /","#24 GET /styles.css","#25 GET /app.js","#27 GET /favicon.svg","#30 GET /favicon.svg","#31 GET /favicon.svg","#32 GET /","#33 GET /styles.css","#34 GET /app.js","#36 GET /favicon.svg","#39 GET /favicon.svg","#40 GET /favicon.svg","#41 GET /","#42 GET /styles.css"]}
[2026-02-24T03:53:31.112Z] [REQ] #43 GET /app.js {}
[2026-02-24T03:53:31.113Z] [INFO] 当前活跃请求数: 27 {"requests":["#1 GET /","#2 GET /styles.css","#3 GET /app.js","#5 GET /favicon.svg","#8 GET /favicon.svg","#9 GET /favicon.svg","#12 GET /","#13 GET /styles.css","#14 GET /app.js","#16 GET /favicon.svg","#19 GET /favicon.svg","#20 GET /favicon.svg","#23 GET /","#24 GET /styles.css","#25 GET /app.js","#27 GET /favicon.svg","#30 GET /favicon.svg","#31 GET /favicon.svg","#32 GET /","#33 GET /styles.css","#34 GET /app.js","#36 GET /favicon.svg","#39 GET /favicon.svg","#40 GET /favicon.svg","#41 GET /","#42 GET /styles.css","#43 GET /app.js"]}
[2026-02-24T03:53:31.291Z] [REQ] #44 GET /api/state {}
[2026-02-24T03:53:31.292Z] [INFO] 当前活跃请求数: 28 {"requests":["#1 GET /","#2 GET /styles.css","#3 GET /app.js","#5 GET /favicon.svg","#8 GET /favicon.svg","#9 GET /favicon.svg","#12 GET /","#13 GET /styles.css","#14 GET /app.js","#16 GET /favicon.svg","#19 GET /favicon.svg","#20 GET /favicon.svg","#23 GET /","#24 GET /styles.css","#25 GET /app.js","#27 GET /favicon.svg","#30 GET /favicon.svg","#31 GET /favicon.svg","#32 GET /","#33 GET /styles.css","#34 GET /app.js","#36 GET /favicon.svg","#39 GET /favicon.svg","#40 GET /favicon.svg","#41 GET /","#42 GET /styles.css","#43 GET /app.js","#44 GET /api/state"]}
[2026-02-24T03:53:31.294Z] [RES] #44 200 (3ms) {}
[2026-02-24T03:53:31.294Z] [RES] #44 200 (3ms)
[2026-02-24T03:53:31.308Z] [REQ] #45 GET /api/config/overview {}
[2026-02-24T03:53:31.308Z] [INFO] 当前活跃请求数: 28 {"requests":["#1 GET /","#2 GET /styles.css","#3 GET /app.js","#5 GET /favicon.svg","#8 GET /favicon.svg","#9 GET /favicon.svg","#12 GET /","#13 GET /styles.css","#14 GET /app.js","#16 GET /favicon.svg","#19 GET /favicon.svg","#20 GET /favicon.svg","#23 GET /","#24 GET /styles.css","#25 GET /app.js","#27 GET /favicon.svg","#30 GET /favicon.svg","#31 GET /favicon.svg","#32 GET /","#33 GET /styles.css","#34 GET /app.js","#36 GET /favicon.svg","#39 GET /favicon.svg","#40 GET /favicon.svg","#41 GET /","#42 GET /styles.css","#43 GET /app.js","#45 GET /api/config/overview"]}
[2026-02-24T03:53:31.309Z] [REQ] #46 GET /api/config/diagnostics {}
[2026-02-24T03:53:31.309Z] [INFO] 当前活跃请求数: 29 {"requests":["#1 GET /","#2 GET /styles.css","#3 GET /app.js","#5 GET /favicon.svg","#8 GET /favicon.svg","#9 GET /favicon.svg","#12 GET /","#13 GET /styles.css","#14 GET /app.js","#16 GET /favicon.svg","#19 GET /favicon.svg","#20 GET /favicon.svg","#23 GET /","#24 GET /styles.css","#25 GET /app.js","#27 GET /favicon.svg","#30 GET /favicon.svg","#31 GET /favicon.svg","#32 GET /","#33 GET /styles.css","#34 GET /app.js","#36 GET /favicon.svg","#39 GET /favicon.svg","#40 GET /favicon.svg","#41 GET /","#42 GET /styles.css","#43 GET /app.js","#45 GET /api/config/overview","#46 GET /api/config/diagnostics"]}
[2026-02-24T03:53:31.310Z] [RES] #45 200 (2ms) {}
[2026-02-24T03:53:31.311Z] [RES] #45 200 (3ms)
[2026-02-24T03:53:31.312Z] [RES] #46 200 (3ms) {}
[2026-02-24T03:53:31.312Z] [RES] #46 200 (3ms)
[2026-02-24T03:53:31.313Z] [REQ] #47 GET /favicon.svg {}
[2026-02-24T03:53:31.313Z] [INFO] 当前活跃请求数: 28 {"requests":["#1 GET /","#2 GET /styles.css","#3 GET /app.js","#5 GET /favicon.svg","#8 GET /favicon.svg","#9 GET /favicon.svg","#12 GET /","#13 GET /styles.css","#14 GET /app.js","#16 GET /favicon.svg","#19 GET /favicon.svg","#20 GET /favicon.svg","#23 GET /","#24 GET /styles.css","#25 GET /app.js","#27 GET /favicon.svg","#30 GET /favicon.svg","#31 GET /favicon.svg","#32 GET /","#33 GET /styles.css","#34 GET /app.js","#36 GET /favicon.svg","#39 GET /favicon.svg","#40 GET /favicon.svg","#41 GET /","#42 GET /styles.css","#43 GET /app.js","#47 GET /favicon.svg"]}
[2026-02-24T03:53:31.330Z] [REQ] #48 GET /favicon.svg {}
[2026-02-24T03:53:31.330Z] [INFO] 当前活跃请求数: 29 {"requests":["#1 GET /","#2 GET /styles.css","#3 GET /app.js","#5 GET /favicon.svg","#8 GET /favicon.svg","#9 GET /favicon.svg","#12 GET /","#13 GET /styles.css","#14 GET /app.js","#16 GET /favicon.svg","#19 GET /favicon.svg","#20 GET /favicon.svg","#23 GET /","#24 GET /styles.css","#25 GET /app.js","#27 GET /favicon.svg","#30 GET /favicon.svg","#31 GET /favicon.svg","#32 GET /","#33 GET /styles.css","#34 GET /app.js","#36 GET /favicon.svg","#39 GET /favicon.svg","#40 GET /favicon.svg","#41 GET /","#42 GET /styles.css","#43 GET /app.js","#47 GET /favicon.svg","#48 GET /favicon.svg"]}
[2026-02-24T04:01:00.537Z] [REQ] #49 GET /api/health {}
[2026-02-24T04:01:00.538Z] [INFO] 当前活跃请求数: 30 {"requests":["#1 GET /","#2 GET /styles.css","#3 GET /app.js","#5 GET /favicon.svg","#8 GET /favicon.svg","#9 GET /favicon.svg","#12 GET /","#13 GET /styles.css","#14 GET /app.js","#16 GET /favicon.svg","#19 GET /favicon.svg","#20 GET /favicon.svg","#23 GET /","#24 GET /styles.css","#25 GET /app.js","#27 GET /favicon.svg","#30 GET /favicon.svg","#31 GET /favicon.svg","#32 GET /","#33 GET /styles.css","#34 GET /app.js","#36 GET /favicon.svg","#39 GET /favicon.svg","#40 GET /favicon.svg","#41 GET /","#42 GET /styles.css","#43 GET /app.js","#47 GET /favicon.svg","#48 GET /favicon.svg","#49 GET /api/health"]}
[2026-02-24T04:01:00.538Z] [RES] #49 200 (1ms) {"ok":true}
[2026-02-24T04:01:00.539Z] [RES] #49 200 (2ms)
[2026-02-24T04:01:00.621Z] [REQ] #50 GET /api/health {}
[2026-02-24T04:01:00.621Z] [INFO] 当前活跃请求数: 30 {"requests":["#1 GET /","#2 GET /styles.css","#3 GET /app.js","#5 GET /favicon.svg","#8 GET /favicon.svg","#9 GET /favicon.svg","#12 GET /","#13 GET /styles.css","#14 GET /app.js","#16 GET /favicon.svg","#19 GET /favicon.svg","#20 GET /favicon.svg","#23 GET /","#24 GET /styles.css","#25 GET /app.js","#27 GET /favicon.svg","#30 GET /favicon.svg","#31 GET /favicon.svg","#32 GET /","#33 GET /styles.css","#34 GET /app.js","#36 GET /favicon.svg","#39 GET /favicon.svg","#40 GET /favicon.svg","#41 GET /","#42 GET /styles.css","#43 GET /app.js","#47 GET /favicon.svg","#48 GET /favicon.svg","#50 GET /api/health"]}
[2026-02-24T04:01:00.622Z] [RES] #50 200 (1ms) {"ok":true}
[2026-02-24T04:01:00.622Z] [RES] #50 200 (1ms)
[2026-02-24T04:02:16.275Z] [REQ] #51 GET / {}
[2026-02-24T04:02:16.276Z] [INFO] 当前活跃请求数: 30 {"requests":["#1 GET /","#2 GET /styles.css","#3 GET /app.js","#5 GET /favicon.svg","#8 GET /favicon.svg","#9 GET /favicon.svg","#12 GET /","#13 GET /styles.css","#14 GET /app.js","#16 GET /favicon.svg","#19 GET /favicon.svg","#20 GET /favicon.svg","#23 GET /","#24 GET /styles.css","#25 GET /app.js","#27 GET /favicon.svg","#30 GET /favicon.svg","#31 GET /favicon.svg","#32 GET /","#33 GET /styles.css","#34 GET /app.js","#36 GET /favicon.svg","#39 GET /favicon.svg","#40 GET /favicon.svg","#41 GET /","#42 GET /styles.css","#43 GET /app.js","#47 GET /favicon.svg","#48 GET /favicon.svg","#51 GET /"]}
[2026-02-24T04:02:16.311Z] [REQ] #52 GET /styles.css {}
[2026-02-24T04:02:16.312Z] [INFO] 当前活跃请求数: 31 {"requests":["#1 GET /","#2 GET /styles.css","#3 GET /app.js","#5 GET /favicon.svg","#8 GET /favicon.svg","#9 GET /favicon.svg","#12 GET /","#13 GET /styles.css","#14 GET /app.js","#16 GET /favicon.svg","#19 GET /favicon.svg","#20 GET /favicon.svg","#23 GET /","#24 GET /styles.css","#25 GET /app.js","#27 GET /favicon.svg","#30 GET /favicon.svg","#31 GET /favicon.svg","#32 GET /","#33 GET /styles.css","#34 GET /app.js","#36 GET /favicon.svg","#39 GET /favicon.svg","#40 GET /favicon.svg","#41 GET /","#42 GET /styles.css","#43 GET /app.js","#47 GET /favicon.svg","#48 GET /favicon.svg","#51 GET /","#52 GET /styles.css"]}
[2026-02-24T04:02:16.313Z] [REQ] #53 GET /app.js {}
[2026-02-24T04:02:16.313Z] [INFO] 当前活跃请求数: 32 {"requests":["#1 GET /","#2 GET /styles.css","#3 GET /app.js","#5 GET /favicon.svg","#8 GET /favicon.svg","#9 GET /favicon.svg","#12 GET /","#13 GET /styles.css","#14 GET /app.js","#16 GET /favicon.svg","#19 GET /favicon.svg","#20 GET /favicon.svg","#23 GET /","#24 GET /styles.css","#25 GET /app.js","#27 GET /favicon.svg","#30 GET /favicon.svg","#31 GET /favicon.svg","#32 GET /","#33 GET /styles.css","#34 GET /app.js","#36 GET /favicon.svg","#39 GET /favicon.svg","#40 GET /favicon.svg","#41 GET /","#42 GET /styles.css","#43 GET /app.js","#47 GET /favicon.svg","#48 GET /favicon.svg","#51 GET /","#52 GET /styles.css","#53 GET /app.js"]}
[2026-02-24T04:02:16.484Z] [REQ] #54 GET /api/state {}
[2026-02-24T04:02:16.485Z] [INFO] 当前活跃请求数: 33 {"requests":["#1 GET /","#2 GET /styles.css","#3 GET /app.js","#5 GET /favicon.svg","#8 GET /favicon.svg","#9 GET /favicon.svg","#12 GET /","#13 GET /styles.css","#14 GET /app.js","#16 GET /favicon.svg","#19 GET /favicon.svg","#20 GET /favicon.svg","#23 GET /","#24 GET /styles.css","#25 GET /app.js","#27 GET /favicon.svg","#30 GET /favicon.svg","#31 GET /favicon.svg","#32 GET /","#33 GET /styles.css","#34 GET /app.js","#36 GET /favicon.svg","#39 GET /favicon.svg","#40 GET /favicon.svg","#41 GET /","#42 GET /styles.css","#43 GET /app.js","#47 GET /favicon.svg","#48 GET /favicon.svg","#51 GET /","#52 GET /styles.css","#53 GET /app.js","#54 GET /api/state"]}
[2026-02-24T04:02:16.486Z] [RES] #54 200 (2ms) {}
[2026-02-24T04:02:16.487Z] [RES] #54 200 (3ms)
[2026-02-24T04:02:16.510Z] [REQ] #55 GET /api/config/overview {}
[2026-02-24T04:02:16.510Z] [INFO] 当前活跃请求数: 33 {"requests":["#1 GET /","#2 GET /styles.css","#3 GET /app.js","#5 GET /favicon.svg","#8 GET /favicon.svg","#9 GET /favicon.svg","#12 GET /","#13 GET /styles.css","#14 GET /app.js","#16 GET /favicon.svg","#19 GET /favicon.svg","#20 GET /favicon.svg","#23 GET /","#24 GET /styles.css","#25 GET /app.js","#27 GET /favicon.svg","#30 GET /favicon.svg","#31 GET /favicon.svg","#32 GET /","#33 GET /styles.css","#34 GET /app.js","#36 GET /favicon.svg","#39 GET /favicon.svg","#40 GET /favicon.svg","#41 GET /","#42 GET /styles.css","#43 GET /app.js","#47 GET /favicon.svg","#48 GET /favicon.svg","#51 GET /","#52 GET /styles.css","#53 GET /app.js","#55 GET /api/config/overview"]}
[2026-02-24T04:02:16.511Z] [REQ] #56 GET /api/config/diagnostics {}
[2026-02-24T04:02:16.511Z] [INFO] 当前活跃请求数: 34 {"requests":["#1 GET /","#2 GET /styles.css","#3 GET /app.js","#5 GET /favicon.svg","#8 GET /favicon.svg","#9 GET /favicon.svg","#12 GET /","#13 GET /styles.css","#14 GET /app.js","#16 GET /favicon.svg","#19 GET /favicon.svg","#20 GET /favicon.svg","#23 GET /","#24 GET /styles.css","#25 GET /app.js","#27 GET /favicon.svg","#30 GET /favicon.svg","#31 GET /favicon.svg","#32 GET /","#33 GET /styles.css","#34 GET /app.js","#36 GET /favicon.svg","#39 GET /favicon.svg","#40 GET /favicon.svg","#41 GET /","#42 GET /styles.css","#43 GET /app.js","#47 GET /favicon.svg","#48 GET /favicon.svg","#51 GET /","#52 GET /styles.css","#53 GET /app.js","#55 GET /api/config/overview","#56 GET /api/config/diagnostics"]}
[2026-02-24T04:02:16.512Z] [RES] #55 200 (2ms) {}
[2026-02-24T04:02:16.513Z] [RES] #55 200 (3ms)
[2026-02-24T04:02:16.514Z] [RES] #56 200 (3ms) {}
[2026-02-24T04:02:16.514Z] [RES] #56 200 (3ms)
[2026-02-24T04:02:16.515Z] [REQ] #57 GET /favicon.svg {}
[2026-02-24T04:02:16.515Z] [INFO] 当前活跃请求数: 33 {"requests":["#1 GET /","#2 GET /styles.css","#3 GET /app.js","#5 GET /favicon.svg","#8 GET /favicon.svg","#9 GET /favicon.svg","#12 GET /","#13 GET /styles.css","#14 GET /app.js","#16 GET /favicon.svg","#19 GET /favicon.svg","#20 GET /favicon.svg","#23 GET /","#24 GET /styles.css","#25 GET /app.js","#27 GET /favicon.svg","#30 GET /favicon.svg","#31 GET /favicon.svg","#32 GET /","#33 GET /styles.css","#34 GET /app.js","#36 GET /favicon.svg","#39 GET /favicon.svg","#40 GET /favicon.svg","#41 GET /","#42 GET /styles.css","#43 GET /app.js","#47 GET /favicon.svg","#48 GET /favicon.svg","#51 GET /","#52 GET /styles.css","#53 GET /app.js","#57 GET /favicon.svg"]}
[2026-02-24T04:02:16.526Z] [REQ] #58 GET /favicon.svg {}
[2026-02-24T04:02:16.526Z] [INFO] 当前活跃请求数: 34 {"requests":["#1 GET /","#2 GET /styles.css","#3 GET /app.js","#5 GET /favicon.svg","#8 GET /favicon.svg","#9 GET /favicon.svg","#12 GET /","#13 GET /styles.css","#14 GET /app.js","#16 GET /favicon.svg","#19 GET /favicon.svg","#20 GET /favicon.svg","#23 GET /","#24 GET /styles.css","#25 GET /app.js","#27 GET /favicon.svg","#30 GET /favicon.svg","#31 GET /favicon.svg","#32 GET /","#33 GET /styles.css","#34 GET /app.js","#36 GET /favicon.svg","#39 GET /favicon.svg","#40 GET /favicon.svg","#41 GET /","#42 GET /styles.css","#43 GET /app.js","#47 GET /favicon.svg","#48 GET /favicon.svg","#51 GET /","#52 GET /styles.css","#53 GET /app.js","#57 GET /favicon.svg","#58 GET /favicon.svg"]}
[2026-02-24T04:06:45.809Z] [REQ] #59 PUT /api/state {}
[2026-02-24T04:06:45.810Z] [INFO] 当前活跃请求数: 35 {"requests":["#1 GET /","#2 GET /styles.css","#3 GET /app.js","#5 GET /favicon.svg","#8 GET /favicon.svg","#9 GET /favicon.svg","#12 GET /","#13 GET /styles.css","#14 GET /app.js","#16 GET /favicon.svg","#19 GET /favicon.svg","#20 GET /favicon.svg","#23 GET /","#24 GET /styles.css","#25 GET /app.js","#27 GET /favicon.svg","#30 GET /favicon.svg","#31 GET /favicon.svg","#32 GET /","#33 GET /styles.css","#34 GET /app.js","#36 GET /favicon.svg","#39 GET /favicon.svg","#40 GET /favicon.svg","#41 GET /","#42 GET /styles.css","#43 GET /app.js","#47 GET /favicon.svg","#48 GET /favicon.svg","#51 GET /","#52 GET /styles.css","#53 GET /app.js","#57 GET /favicon.svg","#58 GET /favicon.svg","#59 PUT /api/state"]}
[2026-02-24T04:06:45.835Z] [RES] #59 200 (26ms) {"ok":true}
[2026-02-24T04:06:45.836Z] [RES] #59 200 (27ms)
[2026-02-24T04:06:45.847Z] [REQ] #60 GET /api/state {}
[2026-02-24T04:06:45.848Z] [INFO] 当前活跃请求数: 35 {"requests":["#1 GET /","#2 GET /styles.css","#3 GET /app.js","#5 GET /favicon.svg","#8 GET /favicon.svg","#9 GET /favicon.svg","#12 GET /","#13 GET /styles.css","#14 GET /app.js","#16 GET /favicon.svg","#19 GET /favicon.svg","#20 GET /favicon.svg","#23 GET /","#24 GET /styles.css","#25 GET /app.js","#27 GET /favicon.svg","#30 GET /favicon.svg","#31 GET /favicon.svg","#32 GET /","#33 GET /styles.css","#34 GET /app.js","#36 GET /favicon.svg","#39 GET /favicon.svg","#40 GET /favicon.svg","#41 GET /","#42 GET /styles.css","#43 GET /app.js","#47 GET /favicon.svg","#48 GET /favicon.svg","#51 GET /","#52 GET /styles.css","#53 GET /app.js","#57 GET /favicon.svg","#58 GET /favicon.svg","#60 GET /api/state"]}
[2026-02-24T04:06:45.848Z] [RES] #60 200 (1ms) {}
[2026-02-24T04:06:45.849Z] [RES] #60 200 (2ms)
[2026-02-24T04:06:48.512Z] [REQ] #61 PUT /api/state {}
[2026-02-24T04:06:48.512Z] [INFO] 当前活跃请求数: 35 {"requests":["#1 GET /","#2 GET /styles.css","#3 GET /app.js","#5 GET /favicon.svg","#8 GET /favicon.svg","#9 GET /favicon.svg","#12 GET /","#13 GET /styles.css","#14 GET /app.js","#16 GET /favicon.svg","#19 GET /favicon.svg","#20 GET /favicon.svg","#23 GET /","#24 GET /styles.css","#25 GET /app.js","#27 GET /favicon.svg","#30 GET /favicon.svg","#31 GET /favicon.svg","#32 GET /","#33 GET /styles.css","#34 GET /app.js","#36 GET /favicon.svg","#39 GET /favicon.svg","#40 GET /favicon.svg","#41 GET /","#42 GET /styles.css","#43 GET /app.js","#47 GET /favicon.svg","#48 GET /favicon.svg","#51 GET /","#52 GET /styles.css","#53 GET /app.js","#57 GET /favicon.svg","#58 GET /favicon.svg","#61 PUT /api/state"]}
[2026-02-24T04:06:48.515Z] [RES] #61 200 (4ms) {"ok":true}
[2026-02-24T04:06:48.515Z] [RES] #61 200 (4ms)
[2026-02-24T04:06:48.523Z] [REQ] #62 GET /api/state {}
[2026-02-24T04:06:48.525Z] [INFO] 当前活跃请求数: 35 {"requests":["#1 GET /","#2 GET /styles.css","#3 GET /app.js","#5 GET /favicon.svg","#8 GET /favicon.svg","#9 GET /favicon.svg","#12 GET /","#13 GET /styles.css","#14 GET /app.js","#16 GET /favicon.svg","#19 GET /favicon.svg","#20 GET /favicon.svg","#23 GET /","#24 GET /styles.css","#25 GET /app.js","#27 GET /favicon.svg","#30 GET /favicon.svg","#31 GET /favicon.svg","#32 GET /","#33 GET /styles.css","#34 GET /app.js","#36 GET /favicon.svg","#39 GET /favicon.svg","#40 GET /favicon.svg","#41 GET /","#42 GET /styles.css","#43 GET /app.js","#47 GET /favicon.svg","#48 GET /favicon.svg","#51 GET /","#52 GET /styles.css","#53 GET /app.js","#57 GET /favicon.svg","#58 GET /favicon.svg","#62 GET /api/state"]}
[2026-02-24T04:06:48.526Z] [RES] #62 200 (3ms) {}
[2026-02-24T04:06:48.526Z] [RES] #62 200 (3ms)
